<?xml version="1.0" encoding="UTF-8"?>
<!-- Generated by org.testng.reporters.JUnitXMLReporter -->
<testsuite ignored="3" hostname="Stephy" failures="2" tests="2" name="Test(failed)" time="0.105" errors="0" timestamp="2024-02-16T11:00:43 IST">
  <testcase classname="testpckg.Grouping" name="contentverify" time="0.025">
    <failure type="java.lang.NullPointerException" message="Cannot invoke &amp;quot;org.openqa.selenium.chrome.ChromeDriver.getPageSource()&amp;quot; because &amp;quot;this.driver1&amp;quot; is null">
      <![CDATA[java.lang.NullPointerException: Cannot invoke "org.openqa.selenium.chrome.ChromeDriver.getPageSource()" because "this.driver1" is null
at testpckg.Grouping.contentverify(Grouping.java:58)
at java.base/java.util.ArrayList.forEach(ArrayList.java:1511)
... Removed 27 stack frames]]>
    </failure>
  </testcase> <!-- contentverify -->
  <testcase classname="testpckg.Grouping" name="logoverification" time="0.013">
    <failure type="java.lang.NullPointerException" message="Cannot invoke &amp;quot;org.openqa.selenium.chrome.ChromeDriver.findElement(org.openqa.selenium.By)&amp;quot; because &amp;quot;this.driver1&amp;quot; is null">
      <![CDATA[java.lang.NullPointerException: Cannot invoke "org.openqa.selenium.chrome.ChromeDriver.findElement(org.openqa.selenium.By)" because "this.driver1" is null
at testpckg.Grouping.logoverification(Grouping.java:43)
at java.base/java.util.ArrayList.forEach(ArrayList.java:1511)
... Removed 27 stack frames]]>
    </failure>
  </testcase> <!-- logoverification -->
  <testcase classname="testpckg.Grouping" name="title" time="0.0">
    <ignored/>
  </testcase> <!-- title -->
  <testcase classname="testpckg.Grouping" name="buttonverify" time="0.0">
    <ignored/>
  </testcase> <!-- buttonverify -->
  <testcase classname="testpckg.Grouping" name="buttontextverify" time="0.0">
    <ignored/>
  </testcase> <!-- buttontextverify -->
</testsuite> <!-- Test(failed) -->
